生成启动时间为 2016/3/21 18:42:50。
     1>项目“C:\Users\aeo\Documents\Visual Studio 2013\Projects\codecraft\codecraft\codecraft.vcxproj”在节点 2 上(Build 个目标)。
     1>C:\Program Files (x86)\MSBuild\Microsoft.Cpp\v4.0\V120\Microsoft.CppBuild.targets(381,5): warning MSB8028: The intermediate directory (Debug\) contains files shared from another project (codecraft_1.vcxproj).  This can lead to incorrect clean and rebuild behavior.
     1>ClCompile:
         D:\Program Files (x86)\Microsoft Visual Studio 12.0\VC\bin\CL.exe /c /I"C:\Users\aeo\Documents\Visual Studio 2013\Projects\codecraft\future_net\lib" /ZI /nologo /W3 /WX- /sdl /Od /Oy- /D WIN32 /D _DEBUG /D _CONSOLE /D _LIB /D _CRT_SECURE_NO_DEPRECATE /D _SCL_SECURE_NO_DEPRECATE /D _UNICODE /D UNICODE /Gm /EHsc /RTC1 /MDd /GS /fp:precise /Zc:wchar_t /Zc:forScope /Fo"Debug\\" /Fd"Debug\vc120.pdb" /Gd /TP /analyze- /errorReport:prompt ..\future_net\dijkstra.cpp ..\future_net\future_net.cpp ..\future_net\io.cpp ..\future_net\route.cpp
         route.cpp
     1>c:\users\aeo\documents\visual studio 2013\projects\codecraft\future_net\lib\lib_record.h : warning C4819: 该文件包含不能在当前代码页(936)中表示的字符。请将该文件保存为 Unicode 格式以防止数据丢失
     1>c:\users\aeo\documents\visual studio 2013\projects\codecraft\future_net\route.cpp(230): warning C4018: “<”: 有符号/无符号不匹配
     1>c:\users\aeo\documents\visual studio 2013\projects\codecraft\future_net\route.cpp(183): warning C4101: “v”: 未引用的局部变量
     1>c:\users\aeo\documents\visual studio 2013\projects\codecraft\future_net\route.cpp(336): warning C4018: “<”: 有符号/无符号不匹配
         future_net.cpp
         正在生成代码...
         正在跳过...(未检测到相关更改)
         io.cpp
         dijkstra.cpp
       Link:
         D:\Program Files (x86)\Microsoft Visual Studio 12.0\VC\bin\link.exe /ERRORREPORT:PROMPT /OUT:"C:\Users\aeo\Documents\Visual Studio 2013\Projects\codecraft\codecraft\Debug\codecraft.exe" /INCREMENTAL /NOLOGO kernel32.lib user32.lib gdi32.lib winspool.lib comdlg32.lib advapi32.lib shell32.lib ole32.lib oleaut32.lib uuid.lib odbc32.lib odbccp32.lib /MANIFEST /MANIFESTUAC:"level='asInvoker' uiAccess='false'" /manifest:embed /DEBUG /PDB:"C:\Users\aeo\Documents\Visual Studio 2013\Projects\codecraft\codecraft\Debug\codecraft.pdb" /SUBSYSTEM:CONSOLE /TLBID:1 /DYNAMICBASE /NXCOMPAT /IMPLIB:"C:\Users\aeo\Documents\Visual Studio 2013\Projects\codecraft\codecraft\Debug\codecraft.lib" /MACHINE:X86 Debug\dijkstra.obj
         Debug\future_net.obj
         Debug\io.obj
         Debug\route.obj
         codecraft.vcxproj -> C:\Users\aeo\Documents\Visual Studio 2013\Projects\codecraft\codecraft\Debug\codecraft.exe
     1>已完成生成项目“C:\Users\aeo\Documents\Visual Studio 2013\Projects\codecraft\codecraft\codecraft.vcxproj”(Build 个目标)的操作。

生成成功。

已用时间 00:00:01.03
